0 info it worked if it ends with ok
1 verbose cli [ 'C:\\Program Files\\nodejs\\node.exe',
1 verbose cli   'C:\\Documents and Settings\\Admin\\Application Data\\npm\\node_modules\\npm\\bin\\npm-cli.js',
1 verbose cli   'install',
1 verbose cli   'dev' ]
2 info using npm@3.10.7
3 info using node@v4.4.7
4 silly loadCurrentTree Starting
5 silly install loadCurrentTree
6 silly install readLocalPackageData
7 silly fetchPackageMetaData dev
8 silly fetchNamedPackageData dev
9 silly mapToRegistry name dev
10 silly mapToRegistry using default registry
11 silly mapToRegistry registry https://registry.npmjs.org/
12 silly mapToRegistry data Result {
12 silly mapToRegistry   raw: 'dev',
12 silly mapToRegistry   scope: null,
12 silly mapToRegistry   escapedName: 'dev',
12 silly mapToRegistry   name: 'dev',
12 silly mapToRegistry   rawSpec: '',
12 silly mapToRegistry   spec: 'latest',
12 silly mapToRegistry   type: 'tag' }
13 silly mapToRegistry uri https://registry.npmjs.org/dev
14 verbose request uri https://registry.npmjs.org/dev
15 verbose request no auth needed
16 info attempt registry request try #1 at 20:28:59
17 verbose request id f0edfb5f87d71348
18 verbose etag "70CDUJPAHIRCO4UM5CM28RZUB"
19 http request GET https://registry.npmjs.org/dev
20 http 200 https://registry.npmjs.org/dev
21 verbose headers { server: 'CouchDB/1.5.0 (Erlang OTP/R16B03)',
21 verbose headers   etag: '"1IXHO1N7055AS1MX28FXY9674"',
21 verbose headers   'content-type': 'application/json',
21 verbose headers   'content-encoding': 'gzip',
21 verbose headers   'cache-control': 'max-age=300',
21 verbose headers   'content-length': '1394',
21 verbose headers   'accept-ranges': 'bytes',
21 verbose headers   date: 'Sun, 30 Oct 2016 17:25:28 GMT',
21 verbose headers   via: '1.1 varnish',
21 verbose headers   age: '0',
21 verbose headers   connection: 'keep-alive',
21 verbose headers   'x-served-by': 'cache-bma7020-BMA',
21 verbose headers   'x-cache': 'MISS',
21 verbose headers   'x-cache-hits': '0',
21 verbose headers   'x-timer': 'S1477848327.679743,VS0,VE793',
21 verbose headers   vary: 'Accept-Encoding' }
22 silly get cb [ 200,
22 silly get   { server: 'CouchDB/1.5.0 (Erlang OTP/R16B03)',
22 silly get     etag: '"1IXHO1N7055AS1MX28FXY9674"',
22 silly get     'content-type': 'application/json',
22 silly get     'content-encoding': 'gzip',
22 silly get     'cache-control': 'max-age=300',
22 silly get     'content-length': '1394',
22 silly get     'accept-ranges': 'bytes',
22 silly get     date: 'Sun, 30 Oct 2016 17:25:28 GMT',
22 silly get     via: '1.1 varnish',
22 silly get     age: '0',
22 silly get     connection: 'keep-alive',
22 silly get     'x-served-by': 'cache-bma7020-BMA',
22 silly get     'x-cache': 'MISS',
22 silly get     'x-cache-hits': '0',
22 silly get     'x-timer': 'S1477848327.679743,VS0,VE793',
22 silly get     vary: 'Accept-Encoding' } ]
23 verbose get saving dev to C:\Documents and Settings\Admin\Application Data\npm-cache\registry.npmjs.org\dev\.cache.json
24 verbose correctMkdir C:\Documents and Settings\Admin\Application Data\npm-cache correctMkdir not in flight; initializing
25 silly install normalizeTree
26 silly loadCurrentTree Finishing
27 silly loadIdealTree Starting
28 silly install loadIdealTree
29 silly cloneCurrentTree Starting
30 silly install cloneCurrentTreeToIdealTree
31 silly cloneCurrentTree Finishing
32 silly loadShrinkwrap Starting
33 silly install loadShrinkwrap
34 silly loadShrinkwrap Finishing
35 silly loadAllDepsIntoIdealTree Starting
36 silly install loadAllDepsIntoIdealTree
37 silly resolveWithNewModule dev@0.1.3 checking installable status
38 silly cache add args [ 'dev', null ]
39 verbose cache add spec dev
40 silly cache add parsed spec Result {
40 silly cache add   raw: 'dev',
40 silly cache add   scope: null,
40 silly cache add   escapedName: 'dev',
40 silly cache add   name: 'dev',
40 silly cache add   rawSpec: '',
40 silly cache add   spec: 'latest',
40 silly cache add   type: 'tag' }
41 silly addNamed dev@latest
42 verbose addNamed "latest" is being treated as a dist-tag for dev
43 info addNameTag [ 'dev', 'latest' ]
44 silly mapToRegistry name dev
45 silly mapToRegistry using default registry
46 silly mapToRegistry registry https://registry.npmjs.org/
47 silly mapToRegistry data Result {
47 silly mapToRegistry   raw: 'dev',
47 silly mapToRegistry   scope: null,
47 silly mapToRegistry   escapedName: 'dev',
47 silly mapToRegistry   name: 'dev',
47 silly mapToRegistry   rawSpec: '',
47 silly mapToRegistry   spec: 'latest',
47 silly mapToRegistry   type: 'tag' }
48 silly mapToRegistry uri https://registry.npmjs.org/dev
49 verbose addNameTag registry:https://registry.npmjs.org/dev not in flight; fetching
50 verbose get https://registry.npmjs.org/dev not expired, no request
51 silly addNameTag next cb for dev with tag latest
52 silly addNamed dev@0.1.3
53 verbose addNamed "0.1.3" is a plain semver version for dev
54 silly cache afterAdd dev@0.1.3
55 verbose afterAdd C:\Documents and Settings\Admin\Application Data\npm-cache\dev\0.1.3\package\package.json not in flight; writing
56 verbose correctMkdir C:\Documents and Settings\Admin\Application Data\npm-cache correctMkdir not in flight; initializing
57 verbose afterAdd C:\Documents and Settings\Admin\Application Data\npm-cache\dev\0.1.3\package\package.json written
58 silly fetchNamedPackageData inotify
59 silly mapToRegistry name inotify
60 silly mapToRegistry using default registry
61 silly mapToRegistry registry https://registry.npmjs.org/
62 silly mapToRegistry data Result {
62 silly mapToRegistry   raw: 'inotify',
62 silly mapToRegistry   scope: null,
62 silly mapToRegistry   escapedName: 'inotify',
62 silly mapToRegistry   name: 'inotify',
62 silly mapToRegistry   rawSpec: '',
62 silly mapToRegistry   spec: 'latest',
62 silly mapToRegistry   type: 'tag' }
63 silly mapToRegistry uri https://registry.npmjs.org/inotify
64 verbose request uri https://registry.npmjs.org/inotify
65 verbose request no auth needed
66 info attempt registry request try #1 at 20:29:00
67 verbose etag "2V1LOI5CGQOOFRYZZ7CR6I1W2"
68 http request GET https://registry.npmjs.org/inotify
69 http 304 https://registry.npmjs.org/inotify
70 verbose headers { date: 'Sun, 30 Oct 2016 17:25:28 GMT',
70 verbose headers   via: '1.1 varnish',
70 verbose headers   'cache-control': 'max-age=300',
70 verbose headers   etag: '"2V1LOI5CGQOOFRYZZ7CR6I1W2"',
70 verbose headers   age: '0',
70 verbose headers   connection: 'keep-alive',
70 verbose headers   'x-served-by': 'cache-bma7020-BMA',
70 verbose headers   'x-cache': 'MISS',
70 verbose headers   'x-cache-hits': '0',
70 verbose headers   'x-timer': 'S1477848328.665347,VS0,VE468',
70 verbose headers   vary: 'Accept-Encoding' }
71 silly get cb [ 304,
71 silly get   { date: 'Sun, 30 Oct 2016 17:25:28 GMT',
71 silly get     via: '1.1 varnish',
71 silly get     'cache-control': 'max-age=300',
71 silly get     etag: '"2V1LOI5CGQOOFRYZZ7CR6I1W2"',
71 silly get     age: '0',
71 silly get     connection: 'keep-alive',
71 silly get     'x-served-by': 'cache-bma7020-BMA',
71 silly get     'x-cache': 'MISS',
71 silly get     'x-cache-hits': '0',
71 silly get     'x-timer': 'S1477848328.665347,VS0,VE468',
71 silly get     vary: 'Accept-Encoding' } ]
72 verbose etag https://registry.npmjs.org/inotify from cache
73 verbose get saving inotify to C:\Documents and Settings\Admin\Application Data\npm-cache\registry.npmjs.org\inotify\.cache.json
74 verbose correctMkdir C:\Documents and Settings\Admin\Application Data\npm-cache correctMkdir not in flight; initializing
75 silly resolveWithNewModule inotify@1.4.1 checking installable status
76 silly rollbackFailedOptional Starting
77 silly rollbackFailedOptional Finishing
78 silly runTopLevelLifecycles Finishing
79 silly install printInstalled
80 verbose stack Error: Unsupported platform for inotify@1.4.1: wanted {"name":"inotify","version":"1.4.1","author":{"name":"Camilo Aguilar","email":"camilo.aguilar@gmail.com"},"email":"camilo.aguilar@gmail.com","keywords":["inotify","watch","monitor","watch files","watch directories"],"license":"MIT","description":"inotify bindings for v8 javascript engine","repository":{"type":"git","url":"git+ssh://git@github.com/c4milo/node-inotify.git"},"os":["linux"],"engines":{"node":">=0.8"},"main":"inotify","dependencies":{"bindings":"^1.2.1","nan":"^2.3.3"},"scripts":{"test":"node-gyp configure build","install":"node-gyp rebuild"},"gypfile":true,"contributors":[{"name":"Adrian Estrada","email":"edsadr@gmail.com"},{"name":"Alexander Makarenko","email":"estliberitas@gmail.com"},{"name":"Brian Ingalls","email":"bingalls@compete.com"},{"name":"Brian White","email":"mscdex@mscdex.net"},{"name":"Camilo Aguilar","email":"camilo.aguilar@gmail.com"},{"name":"Dan VerWeire","email":"dverweire@gmail.com"},{"name":"FrozenCow","email":"frozencow@gmail.com"},{"name":"Michael Boe","email":"mschuylerb@gmail.com"},{"name":"Yannick Croissant","email":"k1der.country@free.fr"},{"name":"ikokostya","email":"ikokostya@gmail.com"}],"gitHead":"c1416dfada3ca4f3fb40e65eededc52461822ec5","bugs":{"url":"https://github.com/c4milo/node-inotify/issues"},"homepage":"https://github.com/c4milo/node-inotify#readme","_id":"inotify@1.4.1","_shasum":"8abdeb7ee9cbc291542a252df00d848b2a8f9287","_from":"inotify@>= 0.1.6","_npmVersion":"3.8.6","_nodeVersion":"5.11.0","_npmUser":{"name":"c4milo","email":"camilo.aguilar@gmail.com"},"maintainers":[{"name":"camilo","email":"camilo@cloudescape.com"},{"name":"c4milo","email":"camilo.aguilar@gmail.com"}],"dist":{"shasum":"8abdeb7ee9cbc291542a252df00d848b2a8f9287","tarball":"https://registry.npmjs.org/inotify/-/inotify-1.4.1.tgz"},"_npmOperationalInternal":{"host":"packages-16-east.internal.npmjs.com","tmp":"tmp/inotify-1.4.1.tgz_1462444544613_0.7660284182056785"},"directories":{},"_resolved":"https://registry.npmjs.org/inotify/-/inotify-1.4.1.tgz","_requested":{"raw":"inotify@>= 0.1.6","scope":null,"escapedName":"inotify","name":"inotify","rawSpec":">= 0.1.6","spec":">=0.1.6","type":"range"},"_spec":"inotify@>= 0.1.6","_where":"D:\\projects\\studio12\\www\\local\\templates\\studio12\\node_modules\\dev","_args":[[{"raw":"inotify@>= 0.1.6","scope":null,"escapedName":"inotify","name":"inotify","rawSpec":">= 0.1.6","spec":">=0.1.6","type":"range"},"D:\\projects\\studio12\\www\\local\\templates\\studio12\\node_modules\\dev"]],"readme":"ERROR: No README data found!"} (current: {"os":"win32","cpu":"ia32"})
80 verbose stack     at checkPlatform (C:\Documents and Settings\Admin\Application Data\npm\node_modules\npm\node_modules\npm-install-checks\index.js:45:14)
80 verbose stack     at thenWarnEngineIssues (C:\Documents and Settings\Admin\Application Data\npm\node_modules\npm\lib\install\validate-args.js:41:5)
80 verbose stack     at C:\Documents and Settings\Admin\Application Data\npm\node_modules\npm\node_modules\iferr\index.js:13:50
80 verbose stack     at checkEngine (C:\Documents and Settings\Admin\Application Data\npm\node_modules\npm\node_modules\npm-install-checks\index.js:24:10)
80 verbose stack     at module.exports.isInstallable (C:\Documents and Settings\Admin\Application Data\npm\node_modules\npm\lib\install\validate-args.js:38:3)
80 verbose stack     at resolveWithNewModule (C:\Documents and Settings\Admin\Application Data\npm\node_modules\npm\lib\install\deps.js:514:12)
80 verbose stack     at C:\Documents and Settings\Admin\Application Data\npm\node_modules\npm\lib\install\deps.js:448:9
80 verbose stack     at C:\Documents and Settings\Admin\Application Data\npm\node_modules\npm\node_modules\iferr\index.js:13:50
80 verbose stack     at C:\Documents and Settings\Admin\Application Data\npm\node_modules\npm\lib\fetch-package-metadata.js:37:12
80 verbose stack     at addRequestedAndFinish (C:\Documents and Settings\Admin\Application Data\npm\node_modules\npm\lib\fetch-package-metadata.js:67:5)
81 verbose pkgid inotify@1.4.1
82 verbose cwd D:\projects\studio12\www\local\templates\studio12
83 error Windows_NT 5.1.2600
84 error argv "C:\\Program Files\\nodejs\\node.exe" "C:\\Documents and Settings\\Admin\\Application Data\\npm\\node_modules\\npm\\bin\\npm-cli.js" "install" "dev"
85 error node v4.4.7
86 error npm  v3.10.7
87 error code EBADPLATFORM
88 error notsup Not compatible with your operating system or architecture: inotify@1.4.1
89 error notsup Valid OS:    linux
89 error notsup Valid Arch:  any
89 error notsup Actual OS:   win32
89 error notsup Actual Arch: ia32
90 verbose exit [ 1, true ]
